app/build/intermediates/manifest_merge_blame_file/miaomiDebug/manifest-merger-blame-miaomi-debug-report.txt
1<?xml version="1.0" encoding="utf-8"?>
2<manifest xmlns:android="http://schemas.android.com/apk/res/android"
3    package="com.zz.live"
4    android:versionCode="35"
5    android:versionName="1.3.6" >
6
7    <uses-sdk
8        android:minSdkVersion="23"
8-->src\main\AndroidManifest.xml
9        android:targetSdkVersion="28" />
9-->src\main\AndroidManifest.xml
10
11    <uses-permission android:name="android.permission.INTERNET" />
11-->src\main\AndroidManifest.xml:6:5-67
11-->src\main\AndroidManifest.xml:6:22-64
12    <uses-permission android:name="android.permission.ACCESS_COARSE_LOCATION" />
12-->src\main\AndroidManifest.xml:7:5-81
12-->src\main\AndroidManifest.xml:7:22-78
13    <uses-permission android:name="android.permission.CHANGE_NETWORK_STATE" />
13-->src\main\AndroidManifest.xml:8:5-79
13-->src\main\AndroidManifest.xml:8:22-76
14    <uses-permission android:name="android.permission.ACCESS_NETWORK_STATE" />
14-->src\main\AndroidManifest.xml:9:5-79
14-->src\main\AndroidManifest.xml:9:22-76
15    <uses-permission android:name="android.permission.ACCESS_WIFI_STATE" />
15-->src\main\AndroidManifest.xml:10:5-76
15-->src\main\AndroidManifest.xml:10:22-73
16    <uses-permission android:name="android.permission.WRITE_EXTERNAL_STORAGE" />
16-->src\main\AndroidManifest.xml:11:5-81
16-->src\main\AndroidManifest.xml:11:22-78
17    <uses-permission android:name="android.permission.READ_EXTERNAL_STORAGE" />
17-->src\main\AndroidManifest.xml:12:5-80
17-->src\main\AndroidManifest.xml:12:22-77
18    <uses-permission android:name="android.permission.RECORD_AUDIO" />
18-->src\main\AndroidManifest.xml:13:5-71
18-->src\main\AndroidManifest.xml:13:22-68
19    <uses-permission android:name="android.permission.MODIFY_AUDIO_SETTINGS" />
19-->src\main\AndroidManifest.xml:14:5-80
19-->src\main\AndroidManifest.xml:14:22-77
20    <uses-permission android:name="android.permission.BLUETOOTH" />
20-->src\main\AndroidManifest.xml:15:5-68
20-->src\main\AndroidManifest.xml:15:22-65
21    <uses-permission android:name="android.permission.CAMERA" />
21-->src\main\AndroidManifest.xml:16:5-65
21-->src\main\AndroidManifest.xml:16:22-62
22    <uses-permission android:name="android.permission.READ_PHONE_STATE" />
22-->src\main\AndroidManifest.xml:17:5-75
22-->src\main\AndroidManifest.xml:17:22-72
23    <uses-permission android:name="android.permission.FLASHLIGHT" />
23-->src\main\AndroidManifest.xml:18:5-69
23-->src\main\AndroidManifest.xml:18:22-66
24    <uses-permission android:name="android.permission.BLUETOOTH" />
24-->src\main\AndroidManifest.xml:15:5-68
24-->src\main\AndroidManifest.xml:15:22-65
25    <uses-permission android:name="android.permission.BLUETOOTH_ADMIN" />
25-->src\main\AndroidManifest.xml:20:5-74
25-->src\main\AndroidManifest.xml:20:22-71
26    <uses-permission android:name="android.permission.ACCESS_FINE_LOCATION" />
26-->src\main\AndroidManifest.xml:21:5-79
26-->src\main\AndroidManifest.xml:21:22-76
27
28    <uses-feature android:name="android.hardware.Camera" />
28-->src\main\AndroidManifest.xml:23:5-60
28-->src\main\AndroidManifest.xml:23:19-57
29    <uses-feature android:name="android.hardware.camera.autofocus" />
29-->src\main\AndroidManifest.xml:24:5-70
29-->src\main\AndroidManifest.xml:24:19-67
30
31    <!-- 消息通道保活 -->
32    <uses-permission android:name="android.permission.WAKE_LOCK" /> <!-- 定位，如果您需要定位相关的功能，可以打开以下注释 -->
32-->[cn.rongcloud.sdk:im_lib:4.0.3.14] AndroidManifest.xml:18:5-68
32-->[cn.rongcloud.sdk:im_lib:4.0.3.14] AndroidManifest.xml:18:22-65
33    <!-- <uses-permission android:name="android.permission.ACCESS_FINE_LOCATION" /> -->
34    <uses-permission android:name="com.zz.live.permission.RONG_ACCESS_RECEIVER" /> <!-- 融云自定义接收广播权限，用于广播接收 -->
34-->[cn.rongcloud.sdk:im_lib:4.0.3.14] AndroidManifest.xml:22:5-88
34-->[cn.rongcloud.sdk:im_lib:4.0.3.14] AndroidManifest.xml:22:22-85
35    <permission
35-->[cn.rongcloud.sdk:im_lib:4.0.3.14] AndroidManifest.xml:25:5-28:18
36        android:name="com.zz.live.permission.RONG_ACCESS_RECEIVER"
36-->[cn.rongcloud.sdk:im_lib:4.0.3.14] AndroidManifest.xml:26:9-72
37        android:protectionLevel="signature" >
37-->[cn.rongcloud.sdk:im_lib:4.0.3.14] AndroidManifest.xml:27:9-44
38    </permission>
39
40    <uses-permission android:name="android.permission.DOWNLOAD_WITHOUT_NOTIFICATION" />
40-->[com.github.MZCretin:AutoUpdateProject:v2.0.4] AndroidManifest.xml:15:5-88
40-->[com.github.MZCretin:AutoUpdateProject:v2.0.4] AndroidManifest.xml:15:22-85
41    <uses-permission android:name="android.permission.REQUEST_INSTALL_PACKAGES" />
41-->[com.github.MZCretin:AutoUpdateProject:v2.0.4] AndroidManifest.xml:17:5-83
41-->[com.github.MZCretin:AutoUpdateProject:v2.0.4] AndroidManifest.xml:17:22-80
42    <uses-permission android:name="android.permission.KILL_BACKGROUND_PROCESSES" />
42-->[com.github.MZCretin:AutoUpdateProject:v2.0.4] AndroidManifest.xml:18:5-84
42-->[com.github.MZCretin:AutoUpdateProject:v2.0.4] AndroidManifest.xml:18:22-81
43    <uses-permission android:name="android.permission.RESTART_PACKAGES" />
43-->[com.github.MZCretin:AutoUpdateProject:v2.0.4] AndroidManifest.xml:19:5-75
43-->[com.github.MZCretin:AutoUpdateProject:v2.0.4] AndroidManifest.xml:19:22-72
44    <uses-permission android:name="android.permission.FOREGROUND_SERVICE" />
44-->[com.github.MZCretin:AutoUpdateProject:v2.0.4] AndroidManifest.xml:20:5-77
44-->[com.github.MZCretin:AutoUpdateProject:v2.0.4] AndroidManifest.xml:20:22-74
45    <uses-permission android:name="android.permission.BLUETOOTH_CONNECT" />
45-->[com.tencent.liteavsdk:LiteAVSDK_Smart:9.0.10437] AndroidManifest.xml:28:5-76
45-->[com.tencent.liteavsdk:LiteAVSDK_Smart:9.0.10437] AndroidManifest.xml:28:22-73
46
47    <application
47-->src\main\AndroidManifest.xml:26:5-256:19
48        android:name="com.zz.live.MyApplication"
48-->src\main\AndroidManifest.xml:27:9-38
49        android:allowBackup="true"
49-->src\main\AndroidManifest.xml:28:9-35
50        android:appComponentFactory="androidx.core.app.CoreComponentFactory"
50-->[androidx.core:core:1.6.0] AndroidManifest.xml:24:18-86
51        android:debuggable="true"
52        android:icon="@drawable/ic_launch"
52-->src\main\AndroidManifest.xml:29:9-43
53        android:label="@string/app_name"
53-->src\main\AndroidManifest.xml:30:9-41
54        android:networkSecurityConfig="@xml/network_config"
54-->src\main\AndroidManifest.xml:31:9-60
55        android:roundIcon="@drawable/ic_launch"
55-->src\main\AndroidManifest.xml:32:9-48
56        android:screenOrientation="portrait"
56-->src\main\AndroidManifest.xml:33:9-45
57        android:supportsRtl="true"
57-->src\main\AndroidManifest.xml:34:9-35
58        android:testOnly="true"
59        android:theme="@style/NoActionBarNoTitleTheme"
59-->src\main\AndroidManifest.xml:35:9-55
60        android:usesCleartextTraffic="true" >
60-->[com.tencent.liteavsdk:LiteAVSDK_Smart:9.0.10437] AndroidManifest.xml:33:9-44
61        <activity android:name="com.zz.live.ui.activity.main_tab_activity.ToyActivity" />
61-->src\main\AndroidManifest.xml:37:9-88
61-->src\main\AndroidManifest.xml:37:19-76
62        <activity
62-->src\main\AndroidManifest.xml:38:9-40:52
63            android:name="com.zz.live.ui.activity.main_tab_activity.house_keeper_activity.AnchorReportActivity"
63-->src\main\AndroidManifest.xml:39:13-101
64            android:screenOrientation="portrait" />
64-->src\main\AndroidManifest.xml:40:13-49
65        <activity
65-->src\main\AndroidManifest.xml:41:9-43:52
66            android:name="com.zz.live.ui.activity.main_tab_activity.ChooseBaseUrlAvtivity"
66-->src\main\AndroidManifest.xml:42:13-80
67            android:screenOrientation="portrait" />
67-->src\main\AndroidManifest.xml:43:13-49
68        <activity
68-->src\main\AndroidManifest.xml:44:9-46:52
69            android:name="com.zz.live.ui.activity.mine_fragment_activity.income_live_activity.ChooseBankcardActivity"
69-->src\main\AndroidManifest.xml:45:13-107
70            android:screenOrientation="portrait" />
70-->src\main\AndroidManifest.xml:46:13-49
71        <activity
71-->src\main\AndroidManifest.xml:47:9-49:52
72            android:name="com.zz.live.ui.activity.main_tab_activity.OnLineCustomerActivity"
72-->src\main\AndroidManifest.xml:48:13-81
73            android:screenOrientation="portrait" />
73-->src\main\AndroidManifest.xml:49:13-49
74        <activity
74-->src\main\AndroidManifest.xml:50:9-53:52
75            android:name="com.zz.live.ui.activity.main_tab_activity.house_keeper_activity.ChangeCashBackActivity"
75-->src\main\AndroidManifest.xml:51:13-103
76            android:launchMode="singleTop"
76-->src\main\AndroidManifest.xml:52:13-43
77            android:screenOrientation="portrait" />
77-->src\main\AndroidManifest.xml:53:13-49
78        <activity
78-->src\main\AndroidManifest.xml:54:9-57:52
79            android:name="com.zz.live.ui.activity.main_tab_activity.house_keeper_activity.anchor_manage_activity.AddAnchorActitity"
79-->src\main\AndroidManifest.xml:55:13-121
80            android:launchMode="singleTop"
80-->src\main\AndroidManifest.xml:56:13-43
81            android:screenOrientation="portrait" />
81-->src\main\AndroidManifest.xml:57:13-49
82        <activity
82-->src\main\AndroidManifest.xml:58:9-61:52
83            android:name="com.zz.live.ui.activity.main_tab_activity.house_keeper_activity.anchor_manage_activity.ModifyAnchorPasswordActivity"
83-->src\main\AndroidManifest.xml:59:13-132
84            android:launchMode="singleTop"
84-->src\main\AndroidManifest.xml:60:13-43
85            android:screenOrientation="portrait" />
85-->src\main\AndroidManifest.xml:61:13-49
86        <activity
86-->src\main\AndroidManifest.xml:62:9-65:52
87            android:name="com.zz.live.ui.activity.main_tab_activity.house_keeper_activity.anchor_manage_activity.ChildAnchorActivity"
87-->src\main\AndroidManifest.xml:63:13-123
88            android:launchMode="singleTop"
88-->src\main\AndroidManifest.xml:64:13-43
89            android:screenOrientation="portrait" />
89-->src\main\AndroidManifest.xml:65:13-49
90        <activity
90-->src\main\AndroidManifest.xml:66:9-69:52
91            android:name="com.zz.live.ui.activity.main_tab_activity.house_keeper_activity.anchor_manage_activity.AnchorManageActivity"
91-->src\main\AndroidManifest.xml:67:13-124
92            android:launchMode="singleTop"
92-->src\main\AndroidManifest.xml:68:13-43
93            android:screenOrientation="portrait" />
93-->src\main\AndroidManifest.xml:69:13-49
94        <activity
94-->src\main\AndroidManifest.xml:70:9-73:52
95            android:name="com.zz.live.ui.activity.main_tab_activity.house_keeper_activity.AnchorHouseKeeperActivity"
95-->src\main\AndroidManifest.xml:71:13-106
96            android:launchMode="singleTop"
96-->src\main\AndroidManifest.xml:72:13-43
97            android:screenOrientation="portrait" />
97-->src\main\AndroidManifest.xml:73:13-49
98        <activity
98-->src\main\AndroidManifest.xml:74:9-77:52
99            android:name="com.zz.live.ui.activity.mine_fragment_activity.wallet_activity.CashBackTipAcitivity"
99-->src\main\AndroidManifest.xml:75:13-100
100            android:launchMode="singleTop"
100-->src\main\AndroidManifest.xml:76:13-43
101            android:screenOrientation="portrait" />
101-->src\main\AndroidManifest.xml:77:13-49
102        <activity
102-->src\main\AndroidManifest.xml:78:9-80:52
103            android:name="com.zz.live.ui.activity.mine_fragment_activity.income_activity.InComeActivity"
103-->src\main\AndroidManifest.xml:79:13-94
104            android:screenOrientation="portrait" />
104-->src\main\AndroidManifest.xml:80:13-49
105        <activity
105-->src\main\AndroidManifest.xml:81:9-84:52
106            android:name="com.zz.live.ui.activity.mine_fragment_activity.wallet_activity.MineWalletActivity"
106-->src\main\AndroidManifest.xml:82:13-98
107            android:launchMode="singleTop"
107-->src\main\AndroidManifest.xml:83:13-43
108            android:screenOrientation="portrait" />
108-->src\main\AndroidManifest.xml:84:13-49
109        <activity
109-->src\main\AndroidManifest.xml:85:9-88:52
110            android:name="com.zz.live.ui.activity.start_live_activity.ChooseLotteryActivity"
110-->src\main\AndroidManifest.xml:86:13-82
111            android:launchMode="singleTop"
111-->src\main\AndroidManifest.xml:87:13-43
112            android:screenOrientation="portrait" />
112-->src\main\AndroidManifest.xml:88:13-49
113        <activity
113-->src\main\AndroidManifest.xml:89:9-92:52
114            android:name="com.zz.live.ui.activity.start_live_activity.ChooseChannelActivity"
114-->src\main\AndroidManifest.xml:90:13-82
115            android:launchMode="singleTop"
115-->src\main\AndroidManifest.xml:91:13-43
116            android:screenOrientation="portrait" />
116-->src\main\AndroidManifest.xml:92:13-49
117        <activity
117-->src\main\AndroidManifest.xml:93:9-96:52
118            android:name="com.zz.live.ui.activity.mine_fragment_activity.agent_center_activity.AnchorDataActivity"
118-->src\main\AndroidManifest.xml:94:13-104
119            android:launchMode="singleTop"
119-->src\main\AndroidManifest.xml:95:13-43
120            android:screenOrientation="portrait" />
120-->src\main\AndroidManifest.xml:96:13-49
121        <activity
121-->src\main\AndroidManifest.xml:97:9-100:52
122            android:name="com.zz.live.ui.activity.mine_fragment_activity.agent_center_activity.AgentCenterActivity"
122-->src\main\AndroidManifest.xml:98:13-105
123            android:launchMode="singleTop"
123-->src\main\AndroidManifest.xml:99:13-43
124            android:screenOrientation="portrait" />
124-->src\main\AndroidManifest.xml:100:13-49
125        <activity
125-->src\main\AndroidManifest.xml:101:9-104:52
126            android:name="com.zz.live.ui.activity.mine_fragment_activity.InviteActivity"
126-->src\main\AndroidManifest.xml:102:13-78
127            android:launchMode="singleTop"
127-->src\main\AndroidManifest.xml:103:13-43
128            android:screenOrientation="portrait" />
128-->src\main\AndroidManifest.xml:104:13-49
129        <activity
129-->src\main\AndroidManifest.xml:105:9-108:52
130            android:name="com.zz.live.ui.activity.mine_fragment_activity.certification_activity.CertifitionSuccessActivity"
130-->src\main\AndroidManifest.xml:106:13-113
131            android:launchMode="singleTop"
131-->src\main\AndroidManifest.xml:107:13-43
132            android:screenOrientation="portrait" />
132-->src\main\AndroidManifest.xml:108:13-49
133        <activity
133-->src\main\AndroidManifest.xml:109:9-112:52
134            android:name="com.zz.live.ui.activity.start_live_activity.open_result_activity.Happy8OpentActivity"
134-->src\main\AndroidManifest.xml:110:13-101
135            android:launchMode="singleTop"
135-->src\main\AndroidManifest.xml:111:13-43
136            android:screenOrientation="portrait" />
136-->src\main\AndroidManifest.xml:112:13-49
137        <activity
137-->src\main\AndroidManifest.xml:113:9-116:52
138            android:name="com.zz.live.ui.activity.start_live_activity.open_result_activity.Happy10OpentActivity"
138-->src\main\AndroidManifest.xml:114:13-102
139            android:launchMode="singleTop"
139-->src\main\AndroidManifest.xml:115:13-43
140            android:screenOrientation="portrait" />
140-->src\main\AndroidManifest.xml:116:13-49
141        <activity
141-->src\main\AndroidManifest.xml:117:9-120:52
142            android:name="com.zz.live.ui.activity.start_live_activity.open_result_activity.KuaiSanOpenActivity"
142-->src\main\AndroidManifest.xml:118:13-101
143            android:launchMode="singleTop"
143-->src\main\AndroidManifest.xml:119:13-43
144            android:screenOrientation="portrait" />
144-->src\main\AndroidManifest.xml:120:13-49
145        <activity
145-->src\main\AndroidManifest.xml:121:9-124:52
146            android:name="com.zz.live.ui.activity.start_live_activity.open_result_activity.LuckFarmOpenActivity"
146-->src\main\AndroidManifest.xml:122:13-102
147            android:launchMode="singleTop"
147-->src\main\AndroidManifest.xml:123:13-43
148            android:screenOrientation="portrait" />
148-->src\main\AndroidManifest.xml:124:13-49
149        <activity
149-->src\main\AndroidManifest.xml:125:9-128:52
150            android:name="com.zz.live.ui.activity.start_live_activity.open_result_activity.PcDanOpenActivity"
150-->src\main\AndroidManifest.xml:126:13-99
151            android:launchMode="singleTop"
151-->src\main\AndroidManifest.xml:127:13-43
152            android:screenOrientation="portrait" />
152-->src\main\AndroidManifest.xml:128:13-49
153        <activity
153-->src\main\AndroidManifest.xml:129:9-132:52
154            android:name="com.zz.live.ui.activity.start_live_activity.open_result_activity.RaceOpenActivity"
154-->src\main\AndroidManifest.xml:130:13-98
155            android:launchMode="singleTop"
155-->src\main\AndroidManifest.xml:131:13-43
156            android:screenOrientation="portrait" />
156-->src\main\AndroidManifest.xml:132:13-49
157        <activity
157-->src\main\AndroidManifest.xml:133:9-136:52
158            android:name="com.zz.live.ui.activity.start_live_activity.open_result_activity.SixOpenActivity"
158-->src\main\AndroidManifest.xml:134:13-97
159            android:launchMode="singleTop"
159-->src\main\AndroidManifest.xml:135:13-43
160            android:screenOrientation="portrait" />
160-->src\main\AndroidManifest.xml:136:13-49
161        <activity
161-->src\main\AndroidManifest.xml:137:9-140:52
162            android:name="com.zz.live.ui.activity.start_live_activity.open_result_activity.SscOpenActivity"
162-->src\main\AndroidManifest.xml:138:13-97
163            android:launchMode="singleTop"
163-->src\main\AndroidManifest.xml:139:13-43
164            android:screenOrientation="portrait" />
164-->src\main\AndroidManifest.xml:140:13-49
165        <activity
165-->src\main\AndroidManifest.xml:141:9-150:20
166            android:name="com.zz.live.ui.activity.main_tab_activity.SplashActivity"
166-->src\main\AndroidManifest.xml:142:13-73
167            android:screenOrientation="portrait"
167-->src\main\AndroidManifest.xml:143:13-49
168            android:theme="@style/StartingWindowTheme" >
168-->src\main\AndroidManifest.xml:144:13-55
169            <intent-filter>
169-->src\main\AndroidManifest.xml:145:13-149:29
170                <action android:name="android.intent.action.MAIN" />
170-->src\main\AndroidManifest.xml:146:17-69
170-->src\main\AndroidManifest.xml:146:25-66
171
172                <category android:name="android.intent.category.LAUNCHER" />
172-->src\main\AndroidManifest.xml:148:17-77
172-->src\main\AndroidManifest.xml:148:27-74
173            </intent-filter>
174        </activity>
175        <activity
175-->src\main\AndroidManifest.xml:151:9-154:52
176            android:name="com.zz.live.ui.activity.mine_fragment_activity.certification_activity.CertificationActivity"
176-->src\main\AndroidManifest.xml:152:13-108
177            android:launchMode="singleTop"
177-->src\main\AndroidManifest.xml:153:13-43
178            android:screenOrientation="portrait" />
178-->src\main\AndroidManifest.xml:154:13-49
179        <activity
179-->src\main\AndroidManifest.xml:155:9-158:52
180            android:name="com.zz.live.ui.activity.main_tab_activity.RegisterSussessActivity"
180-->src\main\AndroidManifest.xml:156:13-82
181            android:launchMode="singleTop"
181-->src\main\AndroidManifest.xml:157:13-43
182            android:screenOrientation="portrait" />
182-->src\main\AndroidManifest.xml:158:13-49
183        <activity
183-->src\main\AndroidManifest.xml:159:9-162:52
184            android:name="com.zz.live.ui.activity.mine_fragment_activity.income_live_activity.WithdrawDetailsActivity"
184-->src\main\AndroidManifest.xml:160:13-108
185            android:launchMode="singleTop"
185-->src\main\AndroidManifest.xml:161:13-43
186            android:screenOrientation="portrait" />
186-->src\main\AndroidManifest.xml:162:13-49
187        <activity
187-->src\main\AndroidManifest.xml:163:9-166:52
188            android:name="com.zz.live.ui.activity.mine_fragment_activity.income_live_activity.WithDrawNoteActivity"
188-->src\main\AndroidManifest.xml:164:13-105
189            android:launchMode="singleTop"
189-->src\main\AndroidManifest.xml:165:13-43
190            android:screenOrientation="portrait" />
190-->src\main\AndroidManifest.xml:166:13-49
191        <activity
191-->src\main\AndroidManifest.xml:167:9-170:52
192            android:name="com.zz.live.ui.activity.mine_fragment_activity.income_live_activity.MineBankcardActivity"
192-->src\main\AndroidManifest.xml:168:13-105
193            android:launchMode="singleTop"
193-->src\main\AndroidManifest.xml:169:13-43
194            android:screenOrientation="portrait" />
194-->src\main\AndroidManifest.xml:170:13-49
195        <activity
195-->src\main\AndroidManifest.xml:171:9-174:52
196            android:name="com.zz.live.ui.activity.mine_fragment_activity.income_live_activity.AddBankcardActivity"
196-->src\main\AndroidManifest.xml:172:13-104
197            android:launchMode="singleTop"
197-->src\main\AndroidManifest.xml:173:13-43
198            android:screenOrientation="portrait" />
198-->src\main\AndroidManifest.xml:174:13-49
199        <activity
199-->src\main\AndroidManifest.xml:175:9-178:52
200            android:name="com.zz.live.ui.activity.mine_fragment_activity.income_live_activity.IncomeLiveActivity"
200-->src\main\AndroidManifest.xml:176:13-103
201            android:launchMode="singleTop"
201-->src\main\AndroidManifest.xml:177:13-43
202            android:screenOrientation="portrait" />
202-->src\main\AndroidManifest.xml:178:13-49
203        <activity
203-->src\main\AndroidManifest.xml:179:9-182:52
204            android:name="com.zz.live.ui.activity.mine_fragment_activity.MineDetailsActivity"
204-->src\main\AndroidManifest.xml:180:13-83
205            android:launchMode="singleTop"
205-->src\main\AndroidManifest.xml:181:13-43
206            android:screenOrientation="portrait" />
206-->src\main\AndroidManifest.xml:182:13-49
207        <activity
207-->src\main\AndroidManifest.xml:183:9-186:52
208            android:name="com.zz.live.ui.activity.user_info_activity.ModifyPasswordActivity"
208-->src\main\AndroidManifest.xml:184:13-82
209            android:launchMode="singleTop"
209-->src\main\AndroidManifest.xml:185:13-43
210            android:screenOrientation="portrait" />
210-->src\main\AndroidManifest.xml:186:13-49
211        <activity
211-->src\main\AndroidManifest.xml:187:9-190:52
212            android:name="com.zz.live.ui.activity.user_info_activity.UserInfoActivity"
212-->src\main\AndroidManifest.xml:188:13-76
213            android:launchMode="singleTop"
213-->src\main\AndroidManifest.xml:189:13-43
214            android:screenOrientation="portrait" />
214-->src\main\AndroidManifest.xml:190:13-49
215        <activity
215-->src\main\AndroidManifest.xml:191:9-194:52
216            android:name="com.zz.live.ui.activity.message_activity.FollowMessageActivity"
216-->src\main\AndroidManifest.xml:192:13-79
217            android:launchMode="singleTop"
217-->src\main\AndroidManifest.xml:193:13-43
218            android:screenOrientation="portrait" />
218-->src\main\AndroidManifest.xml:194:13-49
219        <activity
219-->src\main\AndroidManifest.xml:195:9-198:52
220            android:name="com.zz.live.ui.activity.message_activity.MessageDetailsActivity"
220-->src\main\AndroidManifest.xml:196:13-80
221            android:launchMode="singleTop"
221-->src\main\AndroidManifest.xml:197:13-43
222            android:screenOrientation="portrait" />
222-->src\main\AndroidManifest.xml:198:13-49
223        <activity
223-->src\main\AndroidManifest.xml:199:9-202:52
224            android:name="com.zz.live.ui.activity.message_activity.SystemMessageActivity"
224-->src\main\AndroidManifest.xml:200:13-79
225            android:launchMode="singleTop"
225-->src\main\AndroidManifest.xml:201:13-43
226            android:screenOrientation="portrait" />
226-->src\main\AndroidManifest.xml:202:13-49
227        <activity
227-->src\main\AndroidManifest.xml:203:9-206:52
228            android:name="com.zz.live.ui.activity.mine_fragment_activity.MessageActivity"
228-->src\main\AndroidManifest.xml:204:13-79
229            android:launchMode="singleTop"
229-->src\main\AndroidManifest.xml:205:13-43
230            android:screenOrientation="portrait" />
230-->src\main\AndroidManifest.xml:206:13-49
231        <activity
231-->src\main\AndroidManifest.xml:207:9-210:52
232            android:name="com.zz.live.ui.activity.start_live_activity.FinishLiveActivity"
232-->src\main\AndroidManifest.xml:208:13-79
233            android:launchMode="singleTop"
233-->src\main\AndroidManifest.xml:209:13-43
234            android:screenOrientation="portrait" />
234-->src\main\AndroidManifest.xml:210:13-49
235        <activity
235-->src\main\AndroidManifest.xml:211:9-214:52
236            android:name="com.zz.live.ui.activity.play_live_activity.PlayLiveActivity"
236-->src\main\AndroidManifest.xml:212:13-76
237            android:launchMode="singleTop"
237-->src\main\AndroidManifest.xml:213:13-43
238            android:screenOrientation="portrait" />
238-->src\main\AndroidManifest.xml:214:13-49
239        <activity
239-->src\main\AndroidManifest.xml:215:9-219:59
240            android:name="com.zz.live.ui.activity.start_live_activity.StartLiveActivity"
240-->src\main\AndroidManifest.xml:216:13-78
241            android:launchMode="singleTop"
241-->src\main\AndroidManifest.xml:217:13-43
242            android:screenOrientation="portrait"
242-->src\main\AndroidManifest.xml:218:13-49
243            android:windowSoftInputMode="adjustNothing" />
243-->src\main\AndroidManifest.xml:219:13-56
244        <activity
244-->src\main\AndroidManifest.xml:220:9-223:52
245            android:name="com.zz.live.ui.activity.main_tab_activity.LoginActivity"
245-->src\main\AndroidManifest.xml:221:13-72
246            android:launchMode="singleTop"
246-->src\main\AndroidManifest.xml:222:13-43
247            android:screenOrientation="portrait" />
247-->src\main\AndroidManifest.xml:223:13-49
248        <activity android:name="com.zz.live.TestActitivy" />
248-->src\main\AndroidManifest.xml:224:9-50
248-->src\main\AndroidManifest.xml:224:19-47
249        <activity
249-->src\main\AndroidManifest.xml:225:9-228:52
250            android:name="com.zz.live.ui.activity.main_tab_activity.RegisterActivity"
250-->src\main\AndroidManifest.xml:226:13-75
251            android:launchMode="singleTop"
251-->src\main\AndroidManifest.xml:227:13-43
252            android:screenOrientation="portrait" />
252-->src\main\AndroidManifest.xml:228:13-49
253        <activity
253-->src\main\AndroidManifest.xml:229:9-232:52
254            android:name="com.zz.live.MainActivity"
254-->src\main\AndroidManifest.xml:230:13-41
255            android:launchMode="singleTop"
255-->src\main\AndroidManifest.xml:231:13-43
256            android:screenOrientation="portrait" />
256-->src\main\AndroidManifest.xml:232:13-49
257        <activity
257-->src\main\AndroidManifest.xml:233:9-235:52
258            android:name="com.zz.live.ui.activity.mine_fragment_activity.FeedBackActivity"
258-->src\main\AndroidManifest.xml:234:13-80
259            android:screenOrientation="portrait" />
259-->src\main\AndroidManifest.xml:235:13-49
260
261        <provider
262            android:name="androidx.core.content.FileProvider"
262-->src\main\AndroidManifest.xml:238:13-62
263            android:authorities="com.zz.live.fileprovider"
263-->src\main\AndroidManifest.xml:239:13-64
264            android:exported="false"
264-->src\main\AndroidManifest.xml:240:13-37
265            android:grantUriPermissions="true" >
265-->src\main\AndroidManifest.xml:241:13-47
266            <meta-data
266-->src\main\AndroidManifest.xml:242:13-244:58
267                android:name="android.support.FILE_PROVIDER_PATHS"
267-->src\main\AndroidManifest.xml:243:17-67
268                android:resource="@xml/provider_paths" />
268-->src\main\AndroidManifest.xml:244:17-55
269        </provider> <!-- value的值填写你在友盟后台申请的应用Appkey -->
270        <meta-data
270-->src\main\AndroidManifest.xml:246:9-248:56
271            android:name="UMENG_APPKEY"
271-->src\main\AndroidManifest.xml:247:13-40
272            android:value="5fa8e6f745b2b751a926ea1a" /> <!-- value的值填写渠道名称，例如yingyongbao。这里设置动态渠道名称变量 -->
272-->src\main\AndroidManifest.xml:248:13-53
273        <meta-data
274            android:name="UMENG_CHANNEL"
274-->src\main\AndroidManifest.xml:250:13-41
275            android:value="miaomi" />
275-->src\main\AndroidManifest.xml:251:13-51
276
277        <service
277-->src\main\AndroidManifest.xml:253:9-255:38
278            android:name="com.xtremeprog.sdk.ble.BleService"
278-->src\main\AndroidManifest.xml:254:13-61
279            android:enabled="true" />
279-->src\main\AndroidManifest.xml:255:13-35
280        <!-- imlib config begin -->
281        <service
281-->[cn.rongcloud.sdk:im_lib:4.0.3.14] AndroidManifest.xml:33:9-35:38
282            android:name="io.rong.imlib.ipc.RongService"
282-->[cn.rongcloud.sdk:im_lib:4.0.3.14] AndroidManifest.xml:34:13-57
283            android:process=":ipc" />
283-->[cn.rongcloud.sdk:im_lib:4.0.3.14] AndroidManifest.xml:35:13-35
284
285        <receiver android:name="io.rong.imlib.ConnectChangeReceiver" />
285-->[cn.rongcloud.sdk:im_lib:4.0.3.14] AndroidManifest.xml:37:9-72
285-->[cn.rongcloud.sdk:im_lib:4.0.3.14] AndroidManifest.xml:37:19-69
286        <receiver
286-->[cn.rongcloud.sdk:im_lib:4.0.3.14] AndroidManifest.xml:38:9-40:38
287            android:name="io.rong.imlib.HeartbeatReceiver"
287-->[cn.rongcloud.sdk:im_lib:4.0.3.14] AndroidManifest.xml:39:13-59
288            android:process=":ipc" /> <!-- imlib config end -->
288-->[cn.rongcloud.sdk:im_lib:4.0.3.14] AndroidManifest.xml:40:13-35
289        <!-- 必选： SDK 核心功能 -->
290        <service
290-->[cn.rongcloud.sdk:im_lib:4.0.3.14] AndroidManifest.xml:45:9-49:46